#! /usr/local/iverilog/bin/vvp
:ivl_version "11.0 (devel)" "(s20150603-642-g3bdb50da)";
:ivl_delay_selection "TYPICAL";
:vpi_time_precision + 0;
:vpi_module "system";
:vpi_module "vhdl_sys";
:vpi_module "vhdl_textio";
:vpi_module "v2005_math";
:vpi_module "va_math";
S_0000000001045930 .scope module, "id" "id" 2 14;
 .timescale 0 0;
    .port_info 0 /INPUT 1 "rst";
    .port_info 1 /INPUT 32 "ex_wreg_data";
    .port_info 2 /INPUT 1 "ex_we";
    .port_info 3 /INPUT 5 "ex_wreg_addr";
    .port_info 4 /INPUT 32 "mem_wreg_data";
    .port_info 5 /INPUT 1 "mem_we";
    .port_info 6 /INPUT 5 "mem_wreg_addr";
    .port_info 7 /INPUT 32 "pc_id";
    .port_info 8 /INPUT 32 "inst_id";
    .port_info 9 /OUTPUT 1 "reg1_re";
    .port_info 10 /OUTPUT 1 "reg2_re";
    .port_info 11 /OUTPUT 5 "reg1_addr";
    .port_info 12 /OUTPUT 5 "reg2_addr";
    .port_info 13 /INPUT 32 "reg1_data";
    .port_info 14 /INPUT 32 "reg2_data";
    .port_info 15 /OUTPUT 8 "aluop_o";
    .port_info 16 /OUTPUT 3 "alusel_o";
    .port_info 17 /OUTPUT 32 "reg1_o";
    .port_info 18 /OUTPUT 32 "reg2_o";
    .port_info 19 /OUTPUT 5 "wr_addr_o";
    .port_info 20 /OUTPUT 1 "reg_we_o";
v000000000103b420_0 .var "aluop_o", 7 0;
v0000000001041d30_0 .var "alusel_o", 2 0;
o0000000001052fe8 .functor BUFZ 1, C4<z>; HiZ drive
v0000000001041dd0_0 .net "ex_we", 0 0, o0000000001052fe8;  0 drivers
o0000000001053018 .functor BUFZ 5, C4<zzzzz>; HiZ drive
v0000000001041e70_0 .net "ex_wreg_addr", 4 0, o0000000001053018;  0 drivers
o0000000001053048 .functor BUFZ 32, C4<zzzzzzzzzzzzzzzzzzzzzzzzzzzzzzzz>; HiZ drive
v0000000001041f10_0 .net "ex_wreg_data", 31 0, o0000000001053048;  0 drivers
v0000000001041fb0_0 .var "imm", 31 0;
o00000000010530a8 .functor BUFZ 32, C4<zzzzzzzzzzzzzzzzzzzzzzzzzzzzzzzz>; HiZ drive
v0000000001042050_0 .net "inst_id", 31 0, o00000000010530a8;  0 drivers
v0000000001042640_0 .net "inst_reg1_addr", 4 0, L_0000000001042500;  1 drivers
v0000000001042fa0_0 .net "inst_reg2_addr", 4 0, L_0000000001042960;  1 drivers
v0000000001042b40_0 .var "instvalid", 0 0;
o0000000001053168 .functor BUFZ 1, C4<z>; HiZ drive
v0000000001042e60_0 .net "mem_we", 0 0, o0000000001053168;  0 drivers
o0000000001053198 .functor BUFZ 5, C4<zzzzz>; HiZ drive
v0000000001043040_0 .net "mem_wreg_addr", 4 0, o0000000001053198;  0 drivers
o00000000010531c8 .functor BUFZ 32, C4<zzzzzzzzzzzzzzzzzzzzzzzzzzzzzzzz>; HiZ drive
v0000000001042f00_0 .net "mem_wreg_data", 31 0, o00000000010531c8;  0 drivers
v00000000010425a0_0 .net "op_code", 5 0, L_0000000001042460;  1 drivers
o0000000001053228 .functor BUFZ 32, C4<zzzzzzzzzzzzzzzzzzzzzzzzzzzzzzzz>; HiZ drive
v0000000001042c80_0 .net "pc_id", 31 0, o0000000001053228;  0 drivers
v0000000001042140_0 .var "reg1_addr", 4 0;
o0000000001053288 .functor BUFZ 32, C4<zzzzzzzzzzzzzzzzzzzzzzzzzzzzzzzz>; HiZ drive
v0000000001042aa0_0 .net "reg1_data", 31 0, o0000000001053288;  0 drivers
v00000000010421e0_0 .var "reg1_o", 31 0;
v0000000001042780_0 .var "reg1_re", 0 0;
v0000000001042820_0 .var "reg2_addr", 4 0;
o0000000001053348 .functor BUFZ 32, C4<zzzzzzzzzzzzzzzzzzzzzzzzzzzzzzzz>; HiZ drive
v00000000010423c0_0 .net "reg2_data", 31 0, o0000000001053348;  0 drivers
v0000000001042280_0 .var "reg2_o", 31 0;
v0000000001042d20_0 .var "reg2_re", 0 0;
v0000000001042320_0 .var "reg_we_o", 0 0;
o0000000001053408 .functor BUFZ 1, C4<z>; HiZ drive
v00000000010426e0_0 .net "rst", 0 0, o0000000001053408;  0 drivers
v0000000001042dc0_0 .var "wr_addr_o", 4 0;
E_0000000001038580/0 .event edge, v00000000010426e0_0, v0000000001042d20_0, v0000000001041dd0_0, v0000000001042820_0;
E_0000000001038580/1 .event edge, v0000000001041e70_0, v0000000001041f10_0, v0000000001042e60_0, v0000000001043040_0;
E_0000000001038580/2 .event edge, v0000000001042f00_0, v00000000010423c0_0, v0000000001041fb0_0;
E_0000000001038580 .event/or E_0000000001038580/0, E_0000000001038580/1, E_0000000001038580/2;
E_0000000001038740/0 .event edge, v00000000010426e0_0, v0000000001042780_0, v0000000001041dd0_0, v0000000001042140_0;
E_0000000001038740/1 .event edge, v0000000001041e70_0, v0000000001041f10_0, v0000000001042e60_0, v0000000001043040_0;
E_0000000001038740/2 .event edge, v0000000001042f00_0, v0000000001042aa0_0, v0000000001041fb0_0;
E_0000000001038740 .event/or E_0000000001038740/0, E_0000000001038740/1, E_0000000001038740/2;
E_0000000001037f80/0 .event edge, v00000000010426e0_0, v00000000010425a0_0, v0000000001042640_0, v0000000001042fa0_0;
E_0000000001037f80/1 .event edge, v0000000001042050_0;
E_0000000001037f80 .event/or E_0000000001037f80/0, E_0000000001037f80/1;
L_0000000001042460 .part o00000000010530a8, 26, 6;
L_0000000001042500 .part o00000000010530a8, 21, 5;
L_0000000001042960 .part o00000000010530a8, 16, 5;
    .scope S_0000000001045930;
T_0 ;
    %wait E_0000000001037f80;
    %load/vec4 v00000000010426e0_0;
    %cmpi/e 1, 0, 1;
    %jmp/0xz  T_0.0, 4;
    %pushi/vec4 0, 0, 8;
    %store/vec4 v000000000103b420_0, 0, 8;
    %pushi/vec4 0, 0, 3;
    %store/vec4 v0000000001041d30_0, 0, 3;
    %pushi/vec4 0, 0, 1;
    %store/vec4 v0000000001042780_0, 0, 1;
    %pushi/vec4 0, 0, 1;
    %store/vec4 v0000000001042d20_0, 0, 1;
    %pushi/vec4 0, 0, 5;
    %store/vec4 v0000000001042140_0, 0, 5;
    %pushi/vec4 0, 0, 5;
    %store/vec4 v0000000001042820_0, 0, 5;
    %pushi/vec4 0, 0, 5;
    %store/vec4 v0000000001042dc0_0, 0, 5;
    %pushi/vec4 0, 0, 1;
    %store/vec4 v0000000001042320_0, 0, 1;
    %pushi/vec4 0, 0, 1;
    %store/vec4 v0000000001042b40_0, 0, 1;
    %pushi/vec4 0, 0, 32;
    %store/vec4 v0000000001041fb0_0, 0, 32;
    %jmp T_0.1;
T_0.0 ;
    %load/vec4 v00000000010425a0_0;
    %dup/vec4;
    %pushi/vec4 13, 0, 6;
    %cmp/u;
    %jmp/1 T_0.2, 6;
    %pushi/vec4 0, 0, 8;
    %store/vec4 v000000000103b420_0, 0, 8;
    %pushi/vec4 0, 0, 3;
    %store/vec4 v0000000001041d30_0, 0, 3;
    %pushi/vec4 0, 0, 1;
    %store/vec4 v0000000001042780_0, 0, 1;
    %pushi/vec4 0, 0, 1;
    %store/vec4 v0000000001042d20_0, 0, 1;
    %load/vec4 v0000000001042640_0;
    %store/vec4 v0000000001042140_0, 0, 5;
    %load/vec4 v0000000001042fa0_0;
    %store/vec4 v0000000001042820_0, 0, 5;
    %load/vec4 v0000000001042fa0_0;
    %store/vec4 v0000000001042dc0_0, 0, 5;
    %pushi/vec4 0, 0, 1;
    %store/vec4 v0000000001042320_0, 0, 1;
    %pushi/vec4 0, 0, 1;
    %store/vec4 v0000000001042b40_0, 0, 1;
    %pushi/vec4 0, 0, 32;
    %store/vec4 v0000000001041fb0_0, 0, 32;
    %jmp T_0.4;
T_0.2 ;
    %pushi/vec4 37, 0, 8;
    %store/vec4 v000000000103b420_0, 0, 8;
    %pushi/vec4 1, 0, 3;
    %store/vec4 v0000000001041d30_0, 0, 3;
    %pushi/vec4 1, 0, 1;
    %store/vec4 v0000000001042780_0, 0, 1;
    %pushi/vec4 0, 0, 1;
    %store/vec4 v0000000001042d20_0, 0, 1;
    %load/vec4 v0000000001042640_0;
    %store/vec4 v0000000001042140_0, 0, 5;
    %load/vec4 v0000000001042fa0_0;
    %store/vec4 v0000000001042820_0, 0, 5;
    %load/vec4 v0000000001042fa0_0;
    %store/vec4 v0000000001042dc0_0, 0, 5;
    %pushi/vec4 1, 0, 1;
    %store/vec4 v0000000001042320_0, 0, 1;
    %pushi/vec4 1, 0, 1;
    %store/vec4 v0000000001042b40_0, 0, 1;
    %pushi/vec4 0, 0, 16;
    %load/vec4 v0000000001042050_0;
    %parti/s 16, 0, 2;
    %concat/vec4; draw_concat_vec4
    %store/vec4 v0000000001041fb0_0, 0, 32;
    %jmp T_0.4;
T_0.4 ;
    %pop/vec4 1;
T_0.1 ;
    %jmp T_0;
    .thread T_0, $push;
    .scope S_0000000001045930;
T_1 ;
    %wait E_0000000001038740;
    %load/vec4 v00000000010426e0_0;
    %cmpi/e 1, 0, 1;
    %jmp/0xz  T_1.0, 4;
    %pushi/vec4 0, 0, 32;
    %store/vec4 v00000000010421e0_0, 0, 32;
    %jmp T_1.1;
T_1.0 ;
    %load/vec4 v0000000001042780_0;
    %pushi/vec4 1, 0, 1;
    %cmp/e;
    %flag_get/vec4 4;
    %load/vec4 v0000000001041dd0_0;
    %pushi/vec4 1, 0, 1;
    %cmp/e;
    %flag_get/vec4 4;
    %and;
    %load/vec4 v0000000001042140_0;
    %load/vec4 v0000000001041e70_0;
    %cmp/e;
    %flag_get/vec4 4;
    %and;
    %flag_set/vec4 8;
    %jmp/0xz  T_1.2, 8;
    %load/vec4 v0000000001041f10_0;
    %store/vec4 v00000000010421e0_0, 0, 32;
    %jmp T_1.3;
T_1.2 ;
    %load/vec4 v0000000001042780_0;
    %pushi/vec4 1, 0, 1;
    %cmp/e;
    %flag_get/vec4 4;
    %load/vec4 v0000000001042e60_0;
    %pushi/vec4 1, 0, 1;
    %cmp/e;
    %flag_get/vec4 4;
    %and;
    %load/vec4 v0000000001042140_0;
    %load/vec4 v0000000001043040_0;
    %cmp/e;
    %flag_get/vec4 4;
    %and;
    %flag_set/vec4 8;
    %jmp/0xz  T_1.4, 8;
    %load/vec4 v0000000001042f00_0;
    %store/vec4 v00000000010421e0_0, 0, 32;
    %jmp T_1.5;
T_1.4 ;
    %load/vec4 v0000000001042780_0;
    %cmpi/e 1, 0, 1;
    %jmp/0xz  T_1.6, 4;
    %load/vec4 v0000000001042aa0_0;
    %store/vec4 v00000000010421e0_0, 0, 32;
    %jmp T_1.7;
T_1.6 ;
    %load/vec4 v0000000001042780_0;
    %cmpi/e 0, 0, 1;
    %jmp/0xz  T_1.8, 4;
    %load/vec4 v0000000001041fb0_0;
    %store/vec4 v00000000010421e0_0, 0, 32;
    %jmp T_1.9;
T_1.8 ;
    %pushi/vec4 0, 0, 32;
    %store/vec4 v00000000010421e0_0, 0, 32;
T_1.9 ;
T_1.7 ;
T_1.5 ;
T_1.3 ;
T_1.1 ;
    %jmp T_1;
    .thread T_1, $push;
    .scope S_0000000001045930;
T_2 ;
    %wait E_0000000001038580;
    %load/vec4 v00000000010426e0_0;
    %cmpi/e 1, 0, 1;
    %jmp/0xz  T_2.0, 4;
    %pushi/vec4 0, 0, 32;
    %store/vec4 v0000000001042280_0, 0, 32;
    %jmp T_2.1;
T_2.0 ;
    %load/vec4 v0000000001042d20_0;
    %pushi/vec4 1, 0, 1;
    %cmp/e;
    %flag_get/vec4 4;
    %load/vec4 v0000000001041dd0_0;
    %pushi/vec4 1, 0, 1;
    %cmp/e;
    %flag_get/vec4 4;
    %and;
    %load/vec4 v0000000001042820_0;
    %load/vec4 v0000000001041e70_0;
    %cmp/e;
    %flag_get/vec4 4;
    %and;
    %flag_set/vec4 8;
    %jmp/0xz  T_2.2, 8;
    %load/vec4 v0000000001041f10_0;
    %store/vec4 v0000000001042280_0, 0, 32;
    %jmp T_2.3;
T_2.2 ;
    %load/vec4 v0000000001042d20_0;
    %pushi/vec4 1, 0, 1;
    %cmp/e;
    %flag_get/vec4 4;
    %load/vec4 v0000000001042e60_0;
    %pushi/vec4 1, 0, 1;
    %cmp/e;
    %flag_get/vec4 4;
    %and;
    %load/vec4 v0000000001042820_0;
    %load/vec4 v0000000001043040_0;
    %cmp/e;
    %flag_get/vec4 4;
    %and;
    %flag_set/vec4 8;
    %jmp/0xz  T_2.4, 8;
    %load/vec4 v0000000001042f00_0;
    %store/vec4 v0000000001042280_0, 0, 32;
    %jmp T_2.5;
T_2.4 ;
    %load/vec4 v0000000001042d20_0;
    %cmpi/e 1, 0, 1;
    %jmp/0xz  T_2.6, 4;
    %load/vec4 v00000000010423c0_0;
    %store/vec4 v0000000001042280_0, 0, 32;
    %jmp T_2.7;
T_2.6 ;
    %load/vec4 v0000000001042d20_0;
    %cmpi/e 0, 0, 1;
    %jmp/0xz  T_2.8, 4;
    %load/vec4 v0000000001041fb0_0;
    %store/vec4 v0000000001042280_0, 0, 32;
    %jmp T_2.9;
T_2.8 ;
    %pushi/vec4 0, 0, 32;
    %store/vec4 v0000000001042280_0, 0, 32;
T_2.9 ;
T_2.7 ;
T_2.5 ;
T_2.3 ;
T_2.1 ;
    %jmp T_2;
    .thread T_2, $push;
# The file index is used to find the file name in the following table.
:file_names 3;
    "N/A";
    "<interactive>";
    "id.v";
